{"/Users/joelhernandez/Desktop/jobHuntly-backend/src/config/bcrypt.adapter.ts": {"path":"/Users/joelhernandez/Desktop/jobHuntly-backend/src/config/bcrypt.adapter.ts","all":false,"statementMap":{"0":{"start":{"line":1,"column":0},"end":{"line":1,"column":62}},"1":{"start":{"line":2,"column":0},"end":{"line":2,"column":0}},"2":{"start":{"line":3,"column":0},"end":{"line":3,"column":30}},"3":{"start":{"line":4,"column":0},"end":{"line":4,"column":30}},"4":{"start":{"line":5,"column":0},"end":{"line":5,"column":35}},"5":{"start":{"line":6,"column":0},"end":{"line":6,"column":39}},"6":{"start":{"line":7,"column":0},"end":{"line":7,"column":6}},"7":{"start":{"line":8,"column":0},"end":{"line":8,"column":46}},"8":{"start":{"line":9,"column":0},"end":{"line":9,"column":41}},"9":{"start":{"line":10,"column":0},"end":{"line":10,"column":5}},"10":{"start":{"line":11,"column":0},"end":{"line":11,"column":1}}},"s":{"0":1,"1":1,"2":1,"3":1,"4":4,"5":4,"6":1,"7":1,"8":1,"9":1,"10":1},"branchMap":{"0":{"type":"branch","line":4,"loc":{"start":{"line":4,"column":9},"end":{"line":7,"column":5}},"locations":[{"start":{"line":4,"column":9},"end":{"line":7,"column":5}}]},"1":{"type":"branch","line":8,"loc":{"start":{"line":8,"column":12},"end":{"line":10,"column":5}},"locations":[{"start":{"line":8,"column":12},"end":{"line":10,"column":5}}]}},"b":{"0":[4],"1":[1]},"fnMap":{"0":{"name":"hash","decl":{"start":{"line":4,"column":9},"end":{"line":7,"column":5}},"loc":{"start":{"line":4,"column":9},"end":{"line":7,"column":5}},"line":4},"1":{"name":"compare","decl":{"start":{"line":8,"column":12},"end":{"line":10,"column":5}},"loc":{"start":{"line":8,"column":12},"end":{"line":10,"column":5}},"line":8}},"f":{"0":4,"1":1}}
,"/Users/joelhernandez/Desktop/jobHuntly-backend/src/data/postgres/index.ts": {"path":"/Users/joelhernandez/Desktop/jobHuntly-backend/src/data/postgres/index.ts","all":false,"statementMap":{"0":{"start":{"line":1,"column":0},"end":{"line":1,"column":46}},"1":{"start":{"line":2,"column":0},"end":{"line":2,"column":0}},"2":{"start":{"line":3,"column":0},"end":{"line":3,"column":0}},"3":{"start":{"line":4,"column":0},"end":{"line":4,"column":41}}},"s":{"0":1,"1":1,"2":1,"3":1},"branchMap":{},"b":{},"fnMap":{},"f":{}}
,"/Users/joelhernandez/Desktop/jobHuntly-backend/src/presentation/auth/controllers.ts": {"path":"/Users/joelhernandez/Desktop/jobHuntly-backend/src/presentation/auth/controllers.ts","all":false,"statementMap":{"0":{"start":{"line":1,"column":0},"end":{"line":1,"column":43}},"1":{"start":{"line":2,"column":0},"end":{"line":2,"column":45}},"2":{"start":{"line":3,"column":0},"end":{"line":3,"column":60}},"3":{"start":{"line":4,"column":0},"end":{"line":4,"column":54}},"4":{"start":{"line":5,"column":0},"end":{"line":5,"column":57}},"5":{"start":{"line":6,"column":0},"end":{"line":6,"column":46}},"6":{"start":{"line":7,"column":0},"end":{"line":7,"column":0}},"7":{"start":{"line":8,"column":0},"end":{"line":8,"column":30}},"8":{"start":{"line":9,"column":0},"end":{"line":9,"column":0}},"9":{"start":{"line":10,"column":0},"end":{"line":10,"column":16}},"10":{"start":{"line":11,"column":0},"end":{"line":11,"column":28}},"11":{"start":{"line":12,"column":0},"end":{"line":12,"column":48}},"12":{"start":{"line":13,"column":0},"end":{"line":13,"column":7}},"13":{"start":{"line":14,"column":0},"end":{"line":14,"column":0}},"14":{"start":{"line":15,"column":0},"end":{"line":15,"column":52}},"15":{"start":{"line":16,"column":0},"end":{"line":16,"column":51}},"16":{"start":{"line":17,"column":0},"end":{"line":17,"column":27}},"17":{"start":{"line":18,"column":0},"end":{"line":18,"column":9}},"18":{"start":{"line":19,"column":0},"end":{"line":19,"column":19}},"19":{"start":{"line":20,"column":0},"end":{"line":20,"column":5}},"20":{"start":{"line":21,"column":0},"end":{"line":21,"column":0}},"21":{"start":{"line":22,"column":0},"end":{"line":22,"column":55}},"22":{"start":{"line":23,"column":0},"end":{"line":23,"column":0}},"23":{"start":{"line":24,"column":0},"end":{"line":24,"column":44}},"24":{"start":{"line":25,"column":0},"end":{"line":25,"column":58}},"25":{"start":{"line":26,"column":0},"end":{"line":26,"column":0}},"26":{"start":{"line":27,"column":0},"end":{"line":27,"column":24}},"27":{"start":{"line":28,"column":0},"end":{"line":28,"column":92}},"28":{"start":{"line":29,"column":0},"end":{"line":29,"column":6}},"29":{"start":{"line":30,"column":0},"end":{"line":30,"column":0}},"30":{"start":{"line":31,"column":0},"end":{"line":31,"column":9}},"31":{"start":{"line":32,"column":0},"end":{"line":32,"column":63}},"32":{"start":{"line":33,"column":0},"end":{"line":33,"column":50}},"33":{"start":{"line":34,"column":0},"end":{"line":34,"column":19}},"34":{"start":{"line":35,"column":0},"end":{"line":35,"column":26}},"35":{"start":{"line":36,"column":0},"end":{"line":36,"column":28}},"36":{"start":{"line":37,"column":0},"end":{"line":37,"column":42}},"37":{"start":{"line":38,"column":0},"end":{"line":38,"column":13}},"38":{"start":{"line":39,"column":0},"end":{"line":39,"column":10}},"39":{"start":{"line":40,"column":0},"end":{"line":40,"column":5}},"40":{"start":{"line":41,"column":0},"end":{"line":41,"column":62}},"41":{"start":{"line":42,"column":0},"end":{"line":42,"column":8}},"42":{"start":{"line":43,"column":0},"end":{"line":43,"column":75}},"43":{"start":{"line":44,"column":0},"end":{"line":44,"column":0}},"44":{"start":{"line":45,"column":0},"end":{"line":45,"column":73}},"45":{"start":{"line":46,"column":0},"end":{"line":46,"column":0}},"46":{"start":{"line":47,"column":0},"end":{"line":47,"column":19}},"47":{"start":{"line":48,"column":0},"end":{"line":48,"column":76}},"48":{"start":{"line":49,"column":0},"end":{"line":49,"column":9}},"49":{"start":{"line":50,"column":0},"end":{"line":50,"column":0}},"50":{"start":{"line":51,"column":0},"end":{"line":51,"column":65}},"51":{"start":{"line":52,"column":0},"end":{"line":52,"column":6}},"52":{"start":{"line":53,"column":0},"end":{"line":53,"column":18}},"53":{"start":{"line":54,"column":0},"end":{"line":54,"column":37}},"54":{"start":{"line":55,"column":0},"end":{"line":55,"column":60}},"55":{"start":{"line":56,"column":0},"end":{"line":56,"column":9}},"56":{"start":{"line":57,"column":0},"end":{"line":57,"column":0}},"57":{"start":{"line":58,"column":0},"end":{"line":58,"column":27}},"58":{"start":{"line":59,"column":0},"end":{"line":59,"column":51}},"59":{"start":{"line":60,"column":0},"end":{"line":60,"column":6}},"60":{"start":{"line":61,"column":0},"end":{"line":61,"column":5}},"61":{"start":{"line":62,"column":0},"end":{"line":62,"column":0}},"62":{"start":{"line":63,"column":0},"end":{"line":63,"column":52}},"63":{"start":{"line":64,"column":0},"end":{"line":64,"column":40}},"64":{"start":{"line":65,"column":0},"end":{"line":65,"column":49}},"65":{"start":{"line":66,"column":0},"end":{"line":66,"column":0}},"66":{"start":{"line":67,"column":0},"end":{"line":67,"column":10}},"67":{"start":{"line":68,"column":0},"end":{"line":68,"column":16}},"68":{"start":{"line":69,"column":0},"end":{"line":69,"column":89}},"69":{"start":{"line":70,"column":0},"end":{"line":70,"column":7}},"70":{"start":{"line":71,"column":0},"end":{"line":71,"column":6}},"71":{"start":{"line":72,"column":0},"end":{"line":72,"column":57}},"72":{"start":{"line":73,"column":0},"end":{"line":73,"column":83}},"73":{"start":{"line":74,"column":0},"end":{"line":74,"column":7}},"74":{"start":{"line":75,"column":0},"end":{"line":75,"column":6}},"75":{"start":{"line":76,"column":0},"end":{"line":76,"column":65}},"76":{"start":{"line":77,"column":0},"end":{"line":77,"column":0}},"77":{"start":{"line":78,"column":0},"end":{"line":78,"column":17}},"78":{"start":{"line":79,"column":0},"end":{"line":79,"column":73}},"79":{"start":{"line":80,"column":0},"end":{"line":80,"column":7}},"80":{"start":{"line":81,"column":0},"end":{"line":81,"column":57}},"81":{"start":{"line":82,"column":0},"end":{"line":82,"column":0}},"82":{"start":{"line":83,"column":0},"end":{"line":83,"column":69}},"83":{"start":{"line":84,"column":0},"end":{"line":84,"column":5}},"84":{"start":{"line":85,"column":0},"end":{"line":85,"column":17}},"85":{"start":{"line":86,"column":0},"end":{"line":86,"column":34}},"86":{"start":{"line":87,"column":0},"end":{"line":87,"column":57}},"87":{"start":{"line":88,"column":0},"end":{"line":88,"column":6}},"88":{"start":{"line":89,"column":0},"end":{"line":89,"column":0}},"89":{"start":{"line":90,"column":0},"end":{"line":90,"column":24}},"90":{"start":{"line":91,"column":0},"end":{"line":91,"column":48}},"91":{"start":{"line":92,"column":0},"end":{"line":92,"column":3}},"92":{"start":{"line":93,"column":0},"end":{"line":93,"column":5}},"93":{"start":{"line":94,"column":0},"end":{"line":94,"column":5}},"94":{"start":{"line":95,"column":0},"end":{"line":95,"column":0}},"95":{"start":{"line":96,"column":0},"end":{"line":96,"column":56}},"96":{"start":{"line":97,"column":0},"end":{"line":97,"column":34}},"97":{"start":{"line":98,"column":0},"end":{"line":98,"column":61}},"98":{"start":{"line":99,"column":0},"end":{"line":99,"column":7}},"99":{"start":{"line":100,"column":0},"end":{"line":100,"column":20}},"100":{"start":{"line":101,"column":0},"end":{"line":101,"column":46}},"101":{"start":{"line":102,"column":0},"end":{"line":102,"column":8}},"102":{"start":{"line":103,"column":0},"end":{"line":103,"column":48}},"103":{"start":{"line":104,"column":0},"end":{"line":104,"column":2}},"104":{"start":{"line":105,"column":0},"end":{"line":105,"column":18}},"105":{"start":{"line":106,"column":0},"end":{"line":106,"column":51}},"106":{"start":{"line":107,"column":0},"end":{"line":107,"column":8}},"107":{"start":{"line":108,"column":0},"end":{"line":108,"column":0}},"108":{"start":{"line":109,"column":0},"end":{"line":109,"column":43}},"109":{"start":{"line":110,"column":0},"end":{"line":110,"column":0}},"110":{"start":{"line":111,"column":0},"end":{"line":111,"column":17}},"111":{"start":{"line":112,"column":0},"end":{"line":112,"column":54}},"112":{"start":{"line":113,"column":0},"end":{"line":113,"column":8}},"113":{"start":{"line":114,"column":0},"end":{"line":114,"column":33}},"114":{"start":{"line":115,"column":0},"end":{"line":115,"column":28}},"115":{"start":{"line":116,"column":0},"end":{"line":116,"column":33}},"116":{"start":{"line":117,"column":0},"end":{"line":117,"column":8}},"117":{"start":{"line":118,"column":0},"end":{"line":118,"column":71}},"118":{"start":{"line":119,"column":0},"end":{"line":119,"column":5}},"119":{"start":{"line":120,"column":0},"end":{"line":120,"column":0}},"120":{"start":{"line":121,"column":0},"end":{"line":121,"column":56}},"121":{"start":{"line":122,"column":0},"end":{"line":122,"column":31}},"122":{"start":{"line":123,"column":0},"end":{"line":123,"column":10}},"123":{"start":{"line":124,"column":0},"end":{"line":124,"column":61}},"124":{"start":{"line":125,"column":0},"end":{"line":125,"column":0}},"125":{"start":{"line":126,"column":0},"end":{"line":126,"column":27}},"126":{"start":{"line":127,"column":0},"end":{"line":127,"column":44}},"127":{"start":{"line":128,"column":0},"end":{"line":128,"column":9}},"128":{"start":{"line":129,"column":0},"end":{"line":129,"column":43}},"129":{"start":{"line":130,"column":0},"end":{"line":130,"column":7}},"130":{"start":{"line":131,"column":0},"end":{"line":131,"column":19}},"131":{"start":{"line":132,"column":0},"end":{"line":132,"column":36}},"132":{"start":{"line":133,"column":0},"end":{"line":133,"column":59}},"133":{"start":{"line":134,"column":0},"end":{"line":134,"column":8}},"134":{"start":{"line":135,"column":0},"end":{"line":135,"column":2}},"135":{"start":{"line":136,"column":0},"end":{"line":136,"column":26}},"136":{"start":{"line":137,"column":0},"end":{"line":137,"column":50}},"137":{"start":{"line":138,"column":0},"end":{"line":138,"column":5}},"138":{"start":{"line":139,"column":0},"end":{"line":139,"column":0}},"139":{"start":{"line":140,"column":0},"end":{"line":140,"column":5}},"140":{"start":{"line":141,"column":0},"end":{"line":141,"column":0}},"141":{"start":{"line":142,"column":0},"end":{"line":142,"column":75}},"142":{"start":{"line":143,"column":0},"end":{"line":143,"column":6}},"143":{"start":{"line":144,"column":0},"end":{"line":144,"column":63}},"144":{"start":{"line":145,"column":0},"end":{"line":145,"column":6}},"145":{"start":{"line":146,"column":0},"end":{"line":146,"column":17}},"146":{"start":{"line":147,"column":0},"end":{"line":147,"column":53}},"147":{"start":{"line":148,"column":0},"end":{"line":148,"column":7}},"148":{"start":{"line":149,"column":0},"end":{"line":149,"column":0}},"149":{"start":{"line":150,"column":0},"end":{"line":150,"column":80}},"150":{"start":{"line":151,"column":0},"end":{"line":151,"column":20}},"151":{"start":{"line":152,"column":0},"end":{"line":152,"column":35}},"152":{"start":{"line":153,"column":0},"end":{"line":153,"column":64}},"153":{"start":{"line":154,"column":0},"end":{"line":154,"column":59}},"154":{"start":{"line":155,"column":0},"end":{"line":155,"column":8}},"155":{"start":{"line":156,"column":0},"end":{"line":156,"column":0}},"156":{"start":{"line":157,"column":0},"end":{"line":157,"column":23}},"157":{"start":{"line":158,"column":0},"end":{"line":158,"column":17}},"158":{"start":{"line":159,"column":0},"end":{"line":159,"column":38}},"159":{"start":{"line":160,"column":0},"end":{"line":160,"column":21}},"160":{"start":{"line":161,"column":0},"end":{"line":161,"column":7}},"161":{"start":{"line":162,"column":0},"end":{"line":162,"column":0}},"162":{"start":{"line":163,"column":0},"end":{"line":163,"column":64}},"163":{"start":{"line":164,"column":0},"end":{"line":164,"column":0}},"164":{"start":{"line":165,"column":0},"end":{"line":165,"column":18}},"165":{"start":{"line":166,"column":0},"end":{"line":166,"column":52}},"166":{"start":{"line":167,"column":0},"end":{"line":167,"column":7}},"167":{"start":{"line":168,"column":0},"end":{"line":168,"column":18}},"168":{"start":{"line":169,"column":0},"end":{"line":169,"column":5}},"169":{"start":{"line":170,"column":0},"end":{"line":170,"column":1}}},"s":{"0":1,"1":1,"2":1,"3":1,"4":1,"5":1,"6":1,"7":1,"8":1,"9":1,"10":2,"11":2,"12":2,"13":1,"14":1,"15":7,"16":7,"17":7,"18":7,"19":7,"20":1,"21":1,"22":2,"23":2,"24":2,"25":2,"26":2,"27":1,"28":1,"29":1,"30":1,"31":1,"32":1,"33":1,"34":1,"35":1,"36":1,"37":1,"38":1,"39":1,"40":1,"41":1,"42":1,"43":1,"44":1,"45":1,"46":2,"47":0,"48":0,"49":1,"50":1,"51":1,"52":2,"53":0,"54":0,"55":0,"56":0,"57":0,"58":0,"59":0,"60":2,"61":1,"62":1,"63":3,"64":3,"65":3,"66":3,"67":3,"68":2,"69":2,"70":1,"71":3,"72":0,"73":0,"74":1,"75":1,"76":1,"77":3,"78":0,"79":0,"80":1,"81":1,"82":1,"83":1,"84":3,"85":0,"86":0,"87":0,"88":0,"89":0,"90":0,"91":0,"92":3,"93":3,"94":1,"95":1,"96":0,"97":0,"98":0,"99":0,"100":0,"101":0,"102":0,"103":0,"104":0,"105":0,"106":0,"107":0,"108":0,"109":0,"110":0,"111":0,"112":0,"113":0,"114":0,"115":0,"116":0,"117":0,"118":0,"119":1,"120":1,"121":2,"122":2,"123":2,"124":2,"125":2,"126":1,"127":1,"128":1,"129":1,"130":2,"131":0,"132":0,"133":0,"134":0,"135":0,"136":0,"137":0,"138":2,"139":2,"140":1,"141":1,"142":1,"143":1,"144":1,"145":1,"146":0,"147":0,"148":1,"149":1,"150":1,"151":1,"152":1,"153":1,"154":1,"155":1,"156":1,"157":1,"158":1,"159":1,"160":1,"161":1,"162":1,"163":1,"164":1,"165":0,"166":0,"167":1,"168":1,"169":1},"branchMap":{"0":{"type":"branch","line":10,"loc":{"start":{"line":10,"column":4},"end":{"line":13,"column":7}},"locations":[{"start":{"line":10,"column":4},"end":{"line":13,"column":7}}]},"1":{"type":"branch","line":15,"loc":{"start":{"line":15,"column":26},"end":{"line":20,"column":5}},"locations":[{"start":{"line":15,"column":26},"end":{"line":20,"column":5}}]},"2":{"type":"branch","line":15,"loc":{"start":{"line":15,"column":49},"end":{"line":20,"column":5}},"locations":[{"start":{"line":15,"column":49},"end":{"line":20,"column":5}}]},"3":{"type":"branch","line":22,"loc":{"start":{"line":22,"column":19},"end":{"line":61,"column":5}},"locations":[{"start":{"line":22,"column":19},"end":{"line":61,"column":5}}]},"4":{"type":"branch","line":22,"loc":{"start":{"line":22,"column":54},"end":{"line":61,"column":5}},"locations":[{"start":{"line":22,"column":54},"end":{"line":61,"column":5}}]},"5":{"type":"branch","line":27,"loc":{"start":{"line":27,"column":23},"end":{"line":47,"column":18}},"locations":[{"start":{"line":27,"column":23},"end":{"line":47,"column":18}}]},"6":{"type":"branch","line":47,"loc":{"start":{"line":47,"column":18},"end":{"line":49,"column":9}},"locations":[{"start":{"line":47,"column":18},"end":{"line":49,"column":9}}]},"7":{"type":"branch","line":50,"loc":{"start":{"line":50,"column":-1},"end":{"line":53,"column":11}},"locations":[{"start":{"line":50,"column":-1},"end":{"line":53,"column":11}}]},"8":{"type":"branch","line":53,"loc":{"start":{"line":53,"column":5},"end":{"line":60,"column":6}},"locations":[{"start":{"line":53,"column":5},"end":{"line":60,"column":6}}]},"9":{"type":"branch","line":63,"loc":{"start":{"line":63,"column":16},"end":{"line":94,"column":5}},"locations":[{"start":{"line":63,"column":16},"end":{"line":94,"column":5}}]},"10":{"type":"branch","line":63,"loc":{"start":{"line":63,"column":51},"end":{"line":94,"column":5}},"locations":[{"start":{"line":63,"column":51},"end":{"line":94,"column":5}}]},"11":{"type":"branch","line":68,"loc":{"start":{"line":68,"column":15},"end":{"line":70,"column":7}},"locations":[{"start":{"line":68,"column":15},"end":{"line":70,"column":7}}]},"12":{"type":"branch","line":71,"loc":{"start":{"line":71,"column":-1},"end":{"line":72,"column":56}},"locations":[{"start":{"line":71,"column":-1},"end":{"line":72,"column":56}}]},"13":{"type":"branch","line":72,"loc":{"start":{"line":72,"column":56},"end":{"line":74,"column":7}},"locations":[{"start":{"line":72,"column":56},"end":{"line":74,"column":7}}]},"14":{"type":"branch","line":75,"loc":{"start":{"line":75,"column":-1},"end":{"line":78,"column":16}},"locations":[{"start":{"line":75,"column":-1},"end":{"line":78,"column":16}}]},"15":{"type":"branch","line":78,"loc":{"start":{"line":78,"column":16},"end":{"line":80,"column":7}},"locations":[{"start":{"line":78,"column":16},"end":{"line":80,"column":7}}]},"16":{"type":"branch","line":81,"loc":{"start":{"line":81,"column":-1},"end":{"line":85,"column":10}},"locations":[{"start":{"line":81,"column":-1},"end":{"line":85,"column":10}}]},"17":{"type":"branch","line":85,"loc":{"start":{"line":85,"column":4},"end":{"line":92,"column":3}},"locations":[{"start":{"line":85,"column":4},"end":{"line":92,"column":3}}]},"18":{"type":"branch","line":121,"loc":{"start":{"line":121,"column":19},"end":{"line":140,"column":5}},"locations":[{"start":{"line":121,"column":19},"end":{"line":140,"column":5}}]},"19":{"type":"branch","line":121,"loc":{"start":{"line":121,"column":54},"end":{"line":140,"column":5}},"locations":[{"start":{"line":121,"column":54},"end":{"line":140,"column":5}}]},"20":{"type":"branch","line":126,"loc":{"start":{"line":126,"column":26},"end":{"line":131,"column":12}},"locations":[{"start":{"line":126,"column":26},"end":{"line":131,"column":12}}]},"21":{"type":"branch","line":131,"loc":{"start":{"line":131,"column":6},"end":{"line":138,"column":5}},"locations":[{"start":{"line":131,"column":6},"end":{"line":138,"column":5}}]},"22":{"type":"branch","line":142,"loc":{"start":{"line":142,"column":38},"end":{"line":169,"column":5}},"locations":[{"start":{"line":142,"column":38},"end":{"line":169,"column":5}}]},"23":{"type":"branch","line":142,"loc":{"start":{"line":142,"column":74},"end":{"line":169,"column":5}},"locations":[{"start":{"line":142,"column":74},"end":{"line":169,"column":5}}]},"24":{"type":"branch","line":146,"loc":{"start":{"line":146,"column":16},"end":{"line":148,"column":7}},"locations":[{"start":{"line":146,"column":16},"end":{"line":148,"column":7}}]},"25":{"type":"branch","line":165,"loc":{"start":{"line":165,"column":17},"end":{"line":167,"column":7}},"locations":[{"start":{"line":165,"column":17},"end":{"line":167,"column":7}}]}},"b":{"0":[2],"1":[7],"2":[7],"3":[2],"4":[2],"5":[1],"6":[0],"7":[1],"8":[0],"9":[3],"10":[3],"11":[2],"12":[1],"13":[0],"14":[1],"15":[0],"16":[1],"17":[0],"18":[2],"19":[2],"20":[1],"21":[0],"22":[1],"23":[1],"24":[0],"25":[0]},"fnMap":{"0":{"name":"AuthControllers","decl":{"start":{"line":10,"column":4},"end":{"line":13,"column":7}},"loc":{"start":{"line":10,"column":4},"end":{"line":13,"column":7}},"line":10},"1":{"name":"AuthControllers.isUserFound","decl":{"start":{"line":15,"column":26},"end":{"line":20,"column":5}},"loc":{"start":{"line":15,"column":26},"end":{"line":20,"column":5}},"line":15},"2":{"name":"AuthControllers.registerUser","decl":{"start":{"line":22,"column":19},"end":{"line":61,"column":5}},"loc":{"start":{"line":22,"column":19},"end":{"line":61,"column":5}},"line":22},"3":{"name":"AuthControllers.loginUser","decl":{"start":{"line":63,"column":16},"end":{"line":94,"column":5}},"loc":{"start":{"line":63,"column":16},"end":{"line":94,"column":5}},"line":63},"4":{"name":"AuthControllers.validateEmail","decl":{"start":{"line":96,"column":20},"end":{"line":119,"column":5}},"loc":{"start":{"line":96,"column":20},"end":{"line":119,"column":5}},"line":96},"5":{"name":"AuthControllers.validateUser","decl":{"start":{"line":121,"column":19},"end":{"line":140,"column":5}},"loc":{"start":{"line":121,"column":19},"end":{"line":140,"column":5}},"line":121},"6":{"name":"AuthControllers.sendEmailValidationLink","decl":{"start":{"line":142,"column":38},"end":{"line":169,"column":5}},"loc":{"start":{"line":142,"column":38},"end":{"line":169,"column":5}},"line":142}},"f":{"0":2,"1":7,"2":2,"3":3,"4":0,"5":2,"6":1}}
,"/Users/joelhernandez/Desktop/jobHuntly-backend/tests/test-server.ts": {"path":"/Users/joelhernandez/Desktop/jobHuntly-backend/tests/test-server.ts","all":false,"statementMap":{"0":{"start":{"line":1,"column":0},"end":{"line":1,"column":0}},"1":{"start":{"line":2,"column":0},"end":{"line":2,"column":53}},"2":{"start":{"line":3,"column":0},"end":{"line":3,"column":40}},"3":{"start":{"line":4,"column":0},"end":{"line":4,"column":50}},"4":{"start":{"line":5,"column":0},"end":{"line":5,"column":0}},"5":{"start":{"line":6,"column":0},"end":{"line":6,"column":38}},"6":{"start":{"line":7,"column":0},"end":{"line":7,"column":19}},"7":{"start":{"line":8,"column":0},"end":{"line":8,"column":27}},"8":{"start":{"line":9,"column":0},"end":{"line":9,"column":2}}},"s":{"0":1,"1":1,"2":1,"3":1,"4":1,"5":1,"6":1,"7":1,"8":1},"branchMap":{},"b":{},"fnMap":{},"f":{}}
}
